  CppCLR_WinformsProjekt.cpp
  AssemblyInfo.obj : 發現 MSIL 模組。MSIL 的累加連結已停用。正在執行完整連結
glew.lib(glew.obj) : warning LNK4075: 忽略 '/EDITANDCONTINUE'，由於 '/INCREMENTAL:NO' 規格
LINK : warning LNK4286: '___glewUseProgram' 已匯入在 'glew.lib(glew.obj)' 中定義的符號 'CppCLR_WinformsProjekt.obj'
LINK : warning LNK4286: '___glewBindVertexArray' 已匯入在 'glew.lib(glew.obj)' 中定義的符號 'CppCLR_WinformsProjekt.obj'
LINK : warning LNK4286: '___glewCreateShader' 已匯入在 'glew.lib(glew.obj)' 中定義的符號 'CppCLR_WinformsProjekt.obj'
LINK : warning LNK4286: '___glewShaderSource' 已匯入在 'glew.lib(glew.obj)' 中定義的符號 'CppCLR_WinformsProjekt.obj'
LINK : warning LNK4286: '___glewCompileShader' 已匯入在 'glew.lib(glew.obj)' 中定義的符號 'CppCLR_WinformsProjekt.obj'
LINK : warning LNK4286: '___glewGetShaderiv' 已匯入在 'glew.lib(glew.obj)' 中定義的符號 'CppCLR_WinformsProjekt.obj'
LINK : warning LNK4286: '___glewGetShaderInfoLog' 已匯入在 'glew.lib(glew.obj)' 中定義的符號 'CppCLR_WinformsProjekt.obj'
LINK : warning LNK4286: '___glewCreateProgram' 已匯入在 'glew.lib(glew.obj)' 中定義的符號 'CppCLR_WinformsProjekt.obj'
LINK : warning LNK4286: '___glewAttachShader' 已匯入在 'glew.lib(glew.obj)' 中定義的符號 'CppCLR_WinformsProjekt.obj'
LINK : warning LNK4286: '___glewLinkProgram' 已匯入在 'glew.lib(glew.obj)' 中定義的符號 'CppCLR_WinformsProjekt.obj'
LINK : warning LNK4286: '___glewGetProgramiv' 已匯入在 'glew.lib(glew.obj)' 中定義的符號 'CppCLR_WinformsProjekt.obj'
LINK : warning LNK4286: '___glewGetProgramInfoLog' 已匯入在 'glew.lib(glew.obj)' 中定義的符號 'CppCLR_WinformsProjekt.obj'
LINK : warning LNK4286: '___glewDeleteShader' 已匯入在 'glew.lib(glew.obj)' 中定義的符號 'CppCLR_WinformsProjekt.obj'
LINK : warning LNK4286: '___glewGenVertexArrays' 已匯入在 'glew.lib(glew.obj)' 中定義的符號 'CppCLR_WinformsProjekt.obj'
LINK : warning LNK4286: '___glewGenBuffers' 已匯入在 'glew.lib(glew.obj)' 中定義的符號 'CppCLR_WinformsProjekt.obj'
LINK : warning LNK4286: '___glewBindBuffer' 已匯入在 'glew.lib(glew.obj)' 中定義的符號 'CppCLR_WinformsProjekt.obj'
LINK : warning LNK4286: '___glewBufferData' 已匯入在 'glew.lib(glew.obj)' 中定義的符號 'CppCLR_WinformsProjekt.obj'
LINK : warning LNK4286: '___glewVertexAttribPointer' 已匯入在 'glew.lib(glew.obj)' 中定義的符號 'CppCLR_WinformsProjekt.obj'
LINK : warning LNK4286: '___glewEnableVertexAttribArray' 已匯入在 'glew.lib(glew.obj)' 中定義的符號 'CppCLR_WinformsProjekt.obj'
glew.lib(glew.obj) : warning LNK4099: 找不到 PDB '' (有 'glew.lib(glew.obj)' 或位於 '')，當做沒有偵錯資訊，連結物件
OpenMeshToolsd.lib(Timer.obj) : warning LNK4099: 找不到 PDB 'OpenMeshTools.pdb' (有 'OpenMeshToolsd.lib(Timer.obj)' 或位於 'C:\Users\PC14\Desktop\OpenMesh_WinFrom\Debug\OpenMeshTools.pdb')，當做沒有偵錯資訊，連結物件
OpenMeshToolsd.lib(ViewingParameters.obj) : warning LNK4099: 找不到 PDB 'OpenMeshTools.pdb' (有 'OpenMeshToolsd.lib(ViewingParameters.obj)' 或位於 'C:\Users\PC14\Desktop\OpenMesh_WinFrom\Debug\OpenMeshTools.pdb')，當做沒有偵錯資訊，連結物件
  OpenMesh_WinFrom.vcxproj -> C:\Users\PC14\Desktop\OpenMesh_WinFrom\Debug\OpenMesh_WinFrom.exe
